生成启动时间为 2021/10/21 16:22:11。
     1>项目“E:\比特程序练习\数据结构初阶代码\text-10-21(tongxunlu)\text-10-21(tongxunlu)\text-10-21(tongxunlu).vcxproj”在节点 2 上(Build 个目标)。
     1>ClCompile:
         E:\应用程序\VC\bin\CL.exe /c /ZI /nologo /W3 /WX- /sdl /Od /Oy- /D _MBCS /Gm /EHsc /RTC1 /MDd /GS /fp:precise /Zc:wchar_t /Zc:forScope /Fo"Debug\\" /Fd"Debug\vc120.pdb" /Gd /TC /analyze- /errorReport:prompt contact.c test.c
         test.c
     1>e:\比特程序练习\数据结构初阶代码\text-10-21(tongxunlu)\text-10-21(tongxunlu)\contact.h(3): warning C4067: 预处理器指令后有意外标记 - 应输入换行符
         contact.c
     1>e:\比特程序练习\数据结构初阶代码\text-10-21(tongxunlu)\text-10-21(tongxunlu)\contact.h(3): warning C4067: 预处理器指令后有意外标记 - 应输入换行符
     1>e:\比特程序练习\数据结构初阶代码\text-10-21(tongxunlu)\text-10-21(tongxunlu)\contact.c(15): warning C4013: “malloc”未定义；假设外部返回 int
     1>e:\比特程序练习\数据结构初阶代码\text-10-21(tongxunlu)\text-10-21(tongxunlu)\contact.c(37): warning C4013: “exit”未定义；假设外部返回 int
     1>e:\比特程序练习\数据结构初阶代码\text-10-21(tongxunlu)\text-10-21(tongxunlu)\contact.c(128): warning C4129: “%”: 不可识别的字符转义序列
     1>e:\比特程序练习\数据结构初阶代码\text-10-21(tongxunlu)\text-10-21(tongxunlu)\contact.c(178): warning C4129: “%”: 不可识别的字符转义序列
     1>e:\比特程序练习\数据结构初阶代码\text-10-21(tongxunlu)\text-10-21(tongxunlu)\contact.c(201): warning C4013: “free”未定义；假设外部返回 int
         正在生成代码...
       Link:
         E:\应用程序\VC\bin\link.exe /ERRORREPORT:PROMPT /OUT:"E:\比特程序练习\数据结构初阶代码\text-10-21(tongxunlu)\Debug\text-10-21(tongxunlu).exe" /INCREMENTAL /NOLOGO kernel32.lib user32.lib gdi32.lib winspool.lib comdlg32.lib advapi32.lib shell32.lib ole32.lib oleaut32.lib uuid.lib odbc32.lib odbccp32.lib /MANIFEST /MANIFESTUAC:"level='asInvoker' uiAccess='false'" /manifest:embed /DEBUG /PDB:"E:\比特程序练习\数据结构初阶代码\text-10-21(tongxunlu)\Debug\text-10-21(tongxunlu).pdb" /SUBSYSTEM:CONSOLE /TLBID:1 /DYNAMICBASE /NXCOMPAT /IMPLIB:"E:\比特程序练习\数据结构初阶代码\text-10-21(tongxunlu)\Debug\text-10-21(tongxunlu).lib" /MACHINE:X86 Debug\contact.obj
         Debug\test.obj
         text-10-21(tongxunlu).vcxproj -> E:\比特程序练习\数据结构初阶代码\text-10-21(tongxunlu)\Debug\text-10-21(tongxunlu).exe
     1>已完成生成项目“E:\比特程序练习\数据结构初阶代码\text-10-21(tongxunlu)\text-10-21(tongxunlu)\text-10-21(tongxunlu).vcxproj”(Build 个目标)的操作。

生成成功。

已用时间 00:00:00.67
