生成启动时间为 2021/10/23 14:44:01。
     1>项目“E:\比特程序练习\数据结构初阶代码\text-10-22(nvnvlianbiao2)\text-10-22(nvnvlianbiao1)\text-10-22(nvnvlianbiao1).vcxproj”在节点 2 上(Build 个目标)。
     1>ClCompile:
         E:\应用程序\VC\bin\CL.exe /c /ZI /nologo /W3 /WX- /sdl /Od /Oy- /D _MBCS /Gm /EHsc /RTC1 /MDd /GS /fp:precise /Zc:wchar_t /Zc:forScope /Fo"Debug\\" /Fd"Debug\vc120.pdb" /Gd /TC /analyze- /errorReport:prompt SList.c test.c
         test.c
     1>e:\比特程序练习\数据结构初阶代码\text-10-22(nvnvlianbiao2)\text-10-22(nvnvlianbiao1)\test.c(37): warning C4047: “函数”:“SLTnode *”与“SLTnode **”的间接级别不同
     1>e:\比特程序练习\数据结构初阶代码\text-10-22(nvnvlianbiao2)\text-10-22(nvnvlianbiao1)\test.c(37): warning C4024: “SList_Destroy”: 形参和实参 1 的类型不同
         SList.c
     1>e:\比特程序练习\数据结构初阶代码\text-10-22(nvnvlianbiao2)\text-10-22(nvnvlianbiao1)\slist.c(22): warning C4013: “malloc”未定义；假设外部返回 int
     1>e:\比特程序练习\数据结构初阶代码\text-10-22(nvnvlianbiao2)\text-10-22(nvnvlianbiao1)\slist.c(26): warning C4013: “exit”未定义；假设外部返回 int
     1>e:\比特程序练习\数据结构初阶代码\text-10-22(nvnvlianbiao2)\text-10-22(nvnvlianbiao1)\slist.c(116): warning C4028: 形参 1 与声明不同
     1>e:\比特程序练习\数据结构初阶代码\text-10-22(nvnvlianbiao2)\text-10-22(nvnvlianbiao1)\slist.c(118): warning C4047: “初始化”:“SLTnode *”与“SLTnode **”的间接级别不同
     1>e:\比特程序练习\数据结构初阶代码\text-10-22(nvnvlianbiao2)\text-10-22(nvnvlianbiao1)\slist.c(122): warning C4013: “free”未定义；假设外部返回 int
         正在生成代码...
     1>e:\比特程序练习\数据结构初阶代码\text-10-22(nvnvlianbiao2)\text-10-22(nvnvlianbiao1)\slist.c(34): warning C4715: “FindListnode”: 不是所有的控件路径都返回值
     1>e:\比特程序练习\数据结构初阶代码\text-10-22(nvnvlianbiao2)\text-10-22(nvnvlianbiao1)\slist.c(52): warning C4715: “FindListpos”: 不是所有的控件路径都返回值
       Link:
         E:\应用程序\VC\bin\link.exe /ERRORREPORT:PROMPT /OUT:"E:\比特程序练习\数据结构初阶代码\text-10-22(nvnvlianbiao2)\Debug\text-10-22(nvnvlianbiao2).exe" /INCREMENTAL /NOLOGO kernel32.lib user32.lib gdi32.lib winspool.lib comdlg32.lib advapi32.lib shell32.lib ole32.lib oleaut32.lib uuid.lib odbc32.lib odbccp32.lib /MANIFEST /MANIFESTUAC:"level='asInvoker' uiAccess='false'" /manifest:embed /DEBUG /PDB:"E:\比特程序练习\数据结构初阶代码\text-10-22(nvnvlianbiao2)\Debug\text-10-22(nvnvlianbiao2).pdb" /SUBSYSTEM:CONSOLE /TLBID:1 /DYNAMICBASE /NXCOMPAT /IMPLIB:"E:\比特程序练习\数据结构初阶代码\text-10-22(nvnvlianbiao2)\Debug\text-10-22(nvnvlianbiao2).lib" /MACHINE:X86 Debug\SList.obj
         Debug\test.obj
         text-10-22(nvnvlianbiao1).vcxproj -> E:\比特程序练习\数据结构初阶代码\text-10-22(nvnvlianbiao2)\Debug\text-10-22(nvnvlianbiao2).exe
     1>已完成生成项目“E:\比特程序练习\数据结构初阶代码\text-10-22(nvnvlianbiao2)\text-10-22(nvnvlianbiao1)\text-10-22(nvnvlianbiao1).vcxproj”(Build 个目标)的操作。

生成成功。

已用时间 00:00:00.27
