生成启动时间为 2021/10/26 21:59:44。
     1>项目“E:\比特程序练习\数据结构初阶代码\text-10-25\text-10-25\text-10-25.vcxproj”在节点 2 上(Build 个目标)。
     1>ClCompile:
         E:\应用程序\VC\bin\CL.exe /c /ZI /nologo /W3 /WX- /sdl /Od /Oy- /D _MBCS /Gm /EHsc /RTC1 /MDd /GS /fp:precise /Zc:wchar_t /Zc:forScope /Fo"Debug\\" /Fd"Debug\vc120.pdb" /Gd /TC /analyze- /errorReport:prompt test.c
         test.c
     1>e:\比特程序练习\数据结构初阶代码\text-10-25\text-10-25\test.c(7): warning C4013: “SListPushBack”未定义；假设外部返回 int
     1>e:\比特程序练习\数据结构初阶代码\text-10-25\text-10-25\test.c(12): warning C4013: “SListPrint”未定义；假设外部返回 int
     1>e:\比特程序练习\数据结构初阶代码\text-10-25\text-10-25\test.c(14): warning C4013: “SListPushFront”未定义；假设外部返回 int
     1>e:\比特程序练习\数据结构初阶代码\text-10-25\text-10-25\test.c(24): error C2065: “SLTNode”: 未声明的标识符
     1>e:\比特程序练习\数据结构初阶代码\text-10-25\text-10-25\test.c(24): error C2065: “plist”: 未声明的标识符
     1>e:\比特程序练习\数据结构初阶代码\text-10-25\text-10-25\test.c(24): warning C4047: “=”:“int”与“void *”的间接级别不同
     1>e:\比特程序练习\数据结构初阶代码\text-10-25\text-10-25\test.c(24): error C2106: “=”: 左操作数必须为左值
     1>e:\比特程序练习\数据结构初阶代码\text-10-25\text-10-25\test.c(25): error C2065: “plist”: 未声明的标识符
     1>e:\比特程序练习\数据结构初阶代码\text-10-25\text-10-25\test.c(26): error C2065: “plist”: 未声明的标识符
     1>e:\比特程序练习\数据结构初阶代码\text-10-25\text-10-25\test.c(27): error C2065: “plist”: 未声明的标识符
     1>e:\比特程序练习\数据结构初阶代码\text-10-25\text-10-25\test.c(28): error C2065: “plist”: 未声明的标识符
     1>e:\比特程序练习\数据结构初阶代码\text-10-25\text-10-25\test.c(30): warning C4013: “SListPopBack”未定义；假设外部返回 int
     1>e:\比特程序练习\数据结构初阶代码\text-10-25\text-10-25\test.c(30): error C2065: “plist”: 未声明的标识符
     1>e:\比特程序练习\数据结构初阶代码\text-10-25\text-10-25\test.c(31): error C2065: “plist”: 未声明的标识符
     1>e:\比特程序练习\数据结构初阶代码\text-10-25\text-10-25\test.c(32): error C2065: “plist”: 未声明的标识符
     1>e:\比特程序练习\数据结构初阶代码\text-10-25\text-10-25\test.c(33): error C2065: “plist”: 未声明的标识符
     1>e:\比特程序练习\数据结构初阶代码\text-10-25\text-10-25\test.c(36): error C2065: “plist”: 未声明的标识符
     1>e:\比特程序练习\数据结构初阶代码\text-10-25\text-10-25\test.c(41): error C2065: “SLTNode”: 未声明的标识符
     1>e:\比特程序练习\数据结构初阶代码\text-10-25\text-10-25\test.c(41): error C2065: “plist”: 未声明的标识符
     1>e:\比特程序练习\数据结构初阶代码\text-10-25\text-10-25\test.c(41): warning C4047: “=”:“int”与“void *”的间接级别不同
     1>e:\比特程序练习\数据结构初阶代码\text-10-25\text-10-25\test.c(41): error C2106: “=”: 左操作数必须为左值
     1>e:\比特程序练习\数据结构初阶代码\text-10-25\text-10-25\test.c(42): error C2065: “plist”: 未声明的标识符
     1>e:\比特程序练习\数据结构初阶代码\text-10-25\text-10-25\test.c(43): error C2065: “plist”: 未声明的标识符
     1>e:\比特程序练习\数据结构初阶代码\text-10-25\text-10-25\test.c(44): error C2065: “plist”: 未声明的标识符
     1>e:\比特程序练习\数据结构初阶代码\text-10-25\text-10-25\test.c(45): error C2065: “plist”: 未声明的标识符
     1>e:\比特程序练习\数据结构初阶代码\text-10-25\text-10-25\test.c(47): warning C4013: “SListPopFront”未定义；假设外部返回 int
     1>e:\比特程序练习\数据结构初阶代码\text-10-25\text-10-25\test.c(47): error C2065: “plist”: 未声明的标识符
     1>e:\比特程序练习\数据结构初阶代码\text-10-25\text-10-25\test.c(48): error C2065: “plist”: 未声明的标识符
     1>e:\比特程序练习\数据结构初阶代码\text-10-25\text-10-25\test.c(50): error C2065: “plist”: 未声明的标识符
     1>e:\比特程序练习\数据结构初阶代码\text-10-25\text-10-25\test.c(51): error C2065: “plist”: 未声明的标识符
     1>e:\比特程序练习\数据结构初阶代码\text-10-25\text-10-25\test.c(53): error C2065: “plist”: 未声明的标识符
     1>e:\比特程序练习\数据结构初阶代码\text-10-25\text-10-25\test.c(54): error C2065: “plist”: 未声明的标识符
     1>e:\比特程序练习\数据结构初阶代码\text-10-25\text-10-25\test.c(56): error C2065: “plist”: 未声明的标识符
     1>e:\比特程序练习\数据结构初阶代码\text-10-25\text-10-25\test.c(57): error C2065: “plist”: 未声明的标识符
     1>e:\比特程序练习\数据结构初阶代码\text-10-25\text-10-25\test.c(62): error C2065: “SLTNode”: 未声明的标识符
     1>e:\比特程序练习\数据结构初阶代码\text-10-25\text-10-25\test.c(62): error C2065: “plist”: 未声明的标识符
     1>e:\比特程序练习\数据结构初阶代码\text-10-25\text-10-25\test.c(62): warning C4047: “=”:“int”与“void *”的间接级别不同
     1>e:\比特程序练习\数据结构初阶代码\text-10-25\text-10-25\test.c(62): error C2106: “=”: 左操作数必须为左值
     1>e:\比特程序练习\数据结构初阶代码\text-10-25\text-10-25\test.c(63): error C2065: “plist”: 未声明的标识符
     1>e:\比特程序练习\数据结构初阶代码\text-10-25\text-10-25\test.c(64): error C2065: “plist”: 未声明的标识符
     1>e:\比特程序练习\数据结构初阶代码\text-10-25\text-10-25\test.c(65): error C2065: “plist”: 未声明的标识符
     1>e:\比特程序练习\数据结构初阶代码\text-10-25\text-10-25\test.c(66): error C2065: “plist”: 未声明的标识符
     1>e:\比特程序练习\数据结构初阶代码\text-10-25\text-10-25\test.c(67): error C2065: “plist”: 未声明的标识符
     1>e:\比特程序练习\数据结构初阶代码\text-10-25\text-10-25\test.c(68): error C2065: “plist”: 未声明的标识符
     1>e:\比特程序练习\数据结构初阶代码\text-10-25\text-10-25\test.c(69): error C2065: “plist”: 未声明的标识符
     1>e:\比特程序练习\数据结构初阶代码\text-10-25\text-10-25\test.c(70): error C2065: “plist”: 未声明的标识符
     1>e:\比特程序练习\数据结构初阶代码\text-10-25\text-10-25\test.c(71): error C2065: “plist”: 未声明的标识符
     1>e:\比特程序练习\数据结构初阶代码\text-10-25\text-10-25\test.c(74): error C2065: “SLTNode”: 未声明的标识符
     1>e:\比特程序练习\数据结构初阶代码\text-10-25\text-10-25\test.c(74): error C2065: “pos”: 未声明的标识符
     1>e:\比特程序练习\数据结构初阶代码\text-10-25\text-10-25\test.c(74): warning C4013: “SListFind”未定义；假设外部返回 int
     1>e:\比特程序练习\数据结构初阶代码\text-10-25\text-10-25\test.c(74): error C2065: “plist”: 未声明的标识符
     1>e:\比特程序练习\数据结构初阶代码\text-10-25\text-10-25\test.c(74): error C2106: “=”: 左操作数必须为左值
     1>e:\比特程序练习\数据结构初阶代码\text-10-25\text-10-25\test.c(76): error C2065: “pos”: 未声明的标识符
     1>e:\比特程序练习\数据结构初阶代码\text-10-25\text-10-25\test.c(78): error C2065: “pos”: 未声明的标识符
     1>e:\比特程序练习\数据结构初阶代码\text-10-25\text-10-25\test.c(78): error C2223: “->data”的左侧必须指向结构/联合
     1>e:\比特程序练习\数据结构初阶代码\text-10-25\text-10-25\test.c(79): error C2065: “pos”: 未声明的标识符
     1>e:\比特程序练习\数据结构初阶代码\text-10-25\text-10-25\test.c(79): error C2223: “->next”的左侧必须指向结构/联合
     1>e:\比特程序练习\数据结构初阶代码\text-10-25\text-10-25\test.c(83): error C2065: “pos”: 未声明的标识符
     1>e:\比特程序练习\数据结构初阶代码\text-10-25\text-10-25\test.c(83): error C2065: “plist”: 未声明的标识符
     1>e:\比特程序练习\数据结构初阶代码\text-10-25\text-10-25\test.c(84): error C2065: “pos”: 未声明的标识符
     1>e:\比特程序练习\数据结构初阶代码\text-10-25\text-10-25\test.c(86): error C2065: “pos”: 未声明的标识符
     1>e:\比特程序练习\数据结构初阶代码\text-10-25\text-10-25\test.c(86): error C2223: “->data”的左侧必须指向结构/联合
     1>e:\比特程序练习\数据结构初阶代码\text-10-25\text-10-25\test.c(88): error C2065: “plist”: 未声明的标识符
     1>e:\比特程序练习\数据结构初阶代码\text-10-25\text-10-25\test.c(93): error C2065: “SLTNode”: 未声明的标识符
     1>e:\比特程序练习\数据结构初阶代码\text-10-25\text-10-25\test.c(93): error C2065: “plist”: 未声明的标识符
     1>e:\比特程序练习\数据结构初阶代码\text-10-25\text-10-25\test.c(93): warning C4047: “=”:“int”与“void *”的间接级别不同
     1>e:\比特程序练习\数据结构初阶代码\text-10-25\text-10-25\test.c(93): error C2106: “=”: 左操作数必须为左值
     1>e:\比特程序练习\数据结构初阶代码\text-10-25\text-10-25\test.c(94): error C2065: “plist”: 未声明的标识符
     1>e:\比特程序练习\数据结构初阶代码\text-10-25\text-10-25\test.c(95): error C2065: “plist”: 未声明的标识符
     1>e:\比特程序练习\数据结构初阶代码\text-10-25\text-10-25\test.c(96): error C2065: “plist”: 未声明的标识符
     1>e:\比特程序练习\数据结构初阶代码\text-10-25\text-10-25\test.c(97): error C2065: “plist”: 未声明的标识符
     1>e:\比特程序练习\数据结构初阶代码\text-10-25\text-10-25\test.c(98): error C2065: “plist”: 未声明的标识符
     1>e:\比特程序练习\数据结构初阶代码\text-10-25\text-10-25\test.c(100): error C2065: “SLTNode”: 未声明的标识符
     1>e:\比特程序练习\数据结构初阶代码\text-10-25\text-10-25\test.c(100): error C2065: “pos”: 未声明的标识符
     1>e:\比特程序练习\数据结构初阶代码\text-10-25\text-10-25\test.c(100): error C2065: “plist”: 未声明的标识符
     1>e:\比特程序练习\数据结构初阶代码\text-10-25\text-10-25\test.c(100): error C2106: “=”: 左操作数必须为左值
     1>e:\比特程序练习\数据结构初阶代码\text-10-25\text-10-25\test.c(101): error C2065: “pos”: 未声明的标识符
     1>e:\比特程序练习\数据结构初阶代码\text-10-25\text-10-25\test.c(103): warning C4013: “SListInsert”未定义；假设外部返回 int
     1>e:\比特程序练习\数据结构初阶代码\text-10-25\text-10-25\test.c(103): error C2065: “plist”: 未声明的标识符
     1>e:\比特程序练习\数据结构初阶代码\text-10-25\text-10-25\test.c(103): error C2065: “pos”: 未声明的标识符
     1>e:\比特程序练习\数据结构初阶代码\text-10-25\text-10-25\test.c(105): error C2065: “plist”: 未声明的标识符
     1>e:\比特程序练习\数据结构初阶代码\text-10-25\text-10-25\test.c(107): error C2065: “pos”: 未声明的标识符
     1>e:\比特程序练习\数据结构初阶代码\text-10-25\text-10-25\test.c(107): error C2065: “plist”: 未声明的标识符
     1>e:\比特程序练习\数据结构初阶代码\text-10-25\text-10-25\test.c(108): error C2065: “pos”: 未声明的标识符
     1>e:\比特程序练习\数据结构初阶代码\text-10-25\text-10-25\test.c(110): error C2065: “plist”: 未声明的标识符
     1>e:\比特程序练习\数据结构初阶代码\text-10-25\text-10-25\test.c(110): error C2065: “pos”: 未声明的标识符
     1>e:\比特程序练习\数据结构初阶代码\text-10-25\text-10-25\test.c(112): error C2065: “plist”: 未声明的标识符
     1>e:\比特程序练习\数据结构初阶代码\text-10-25\text-10-25\test.c(114): error C2065: “pos”: 未声明的标识符
     1>e:\比特程序练习\数据结构初阶代码\text-10-25\text-10-25\test.c(114): error C2065: “plist”: 未声明的标识符
     1>e:\比特程序练习\数据结构初阶代码\text-10-25\text-10-25\test.c(115): error C2065: “pos”: 未声明的标识符
     1>e:\比特程序练习\数据结构初阶代码\text-10-25\text-10-25\test.c(117): error C2065: “plist”: 未声明的标识符
     1>e:\比特程序练习\数据结构初阶代码\text-10-25\text-10-25\test.c(117): error C2065: “pos”: 未声明的标识符
     1>e:\比特程序练习\数据结构初阶代码\text-10-25\text-10-25\test.c(119): error C2065: “plist”: 未声明的标识符
     1>e:\比特程序练习\数据结构初阶代码\text-10-25\text-10-25\test.c(124): error C2065: “SLTNode”: 未声明的标识符
     1>e:\比特程序练习\数据结构初阶代码\text-10-25\text-10-25\test.c(124): error C2065: “plist”: 未声明的标识符
     1>e:\比特程序练习\数据结构初阶代码\text-10-25\text-10-25\test.c(124): warning C4047: “=”:“int”与“void *”的间接级别不同
     1>e:\比特程序练习\数据结构初阶代码\text-10-25\text-10-25\test.c(124): error C2106: “=”: 左操作数必须为左值
     1>e:\比特程序练习\数据结构初阶代码\text-10-25\text-10-25\test.c(125): error C2065: “plist”: 未声明的标识符
     1>e:\比特程序练习\数据结构初阶代码\text-10-25\text-10-25\test.c(126): error C2065: “plist”: 未声明的标识符
     1>e:\比特程序练习\数据结构初阶代码\text-10-25\text-10-25\test.c(127): error C2065: “plist”: 未声明的标识符
     1>e:\比特程序练习\数据结构初阶代码\text-10-25\text-10-25\test.c(128): error C2065: “plist”: 未声明的标识符
     1>e:\比特程序练习\数据结构初阶代码\text-10-25\text-10-25\test.c(130): error C2065: “plist”: 未声明的标识符
     1>e:\比特程序练习\数据结构初阶代码\text-10-25\text-10-25\test.c(132): warning C4013: “SListDestory”未定义；假设外部返回 int
     1>e:\比特程序练习\数据结构初阶代码\text-10-25\text-10-25\test.c(132): error C2065: “plist”: 未声明的标识符
     1>已完成生成项目“E:\比特程序练习\数据结构初阶代码\text-10-25\text-10-25\text-10-25.vcxproj”(Build 个目标)的操作 - 失败。

生成失败。

已用时间 00:00:00.09
